# JRE version: OpenJDK Runtime Environment Temurin-21.0.6+7 (21.0.6+7) (build 21.0.6+7-LTS)
# Java VM: OpenJDK 64-Bit Server VM Temurin-21.0.6+7 (21.0.6+7-LTS, mixed mode, sharing, tiered, compressed oops, compressed class ptrs, parallel gc, windows-amd64)
GC Precious Log:
 CardTable entry size: 512
 CPUs: 8 total, 8 available
 Memory: 8051M
 Large Page Support: Disabled
 NUMA Support: Disabled
 Compressed Oops: Enabled (32-bit)
 Alignments: Space 512K, Generation 512K, Heap 2M
 Heap Min Capacity: 100M
 Heap Initial Capacity: 100M
 Heap Max Capacity: 1G
 Pre-touch: Disabled
 Parallel Workers: 8
Heap:
 PSYoungGen      total 13824K, used 9271K [0x00000000eab00000, 0x00000000ebe80000, 0x0000000100000000)
  eden space 10752K, 61% used [0x00000000eab00000,0x00000000eb17b200,0x00000000eb580000)
  from space 3072K, 85% used [0x00000000eb580000,0x00000000eb812a40,0x00000000eb880000)
  to   space 3072K, 0% used [0x00000000ebb80000,0x00000000ebb80000,0x00000000ebe80000)
 ParOldGen       total 90624K, used 90291K [0x00000000c0000000, 0x00000000c5880000, 0x00000000eab00000)
  object space 90624K, 99% used [0x00000000c0000000,0x00000000c582ce20,0x00000000c5880000)
 Metaspace       used 59791K, committed 61184K, reserved 1114112K
  class space    used 6816K, committed 7424K, reserved 1048576K
GC Heap History (20 events):
Event: 36.593 GC heap after
{Heap after GC invocations=40 (full 2):
 PSYoungGen      total 16384K, used 1510K [0x00000000eab00000, 0x00000000ec280000, 0x0000000100000000)
  eden space 14848K, 0% used [0x00000000eab00000,0x00000000eab00000,0x00000000eb980000)
  from space 1536K, 98% used [0x00000000ebe00000,0x00000000ebf79a60,0x00000000ebf80000)
  to   space 4608K, 0% used [0x00000000eb980000,0x00000000eb980000,0x00000000ebe00000)
 ParOldGen       total 76288K, used 75867K [0x00000000c0000000, 0x00000000c4a80000, 0x00000000eab00000)
  object space 76288K, 99% used [0x00000000c0000000,0x00000000c4a16d18,0x00000000c4a80000)
 Metaspace       used 57731K, committed 59072K, reserved 1114112K
  class space    used 6504K, committed 7040K, reserved 1048576K
}
Event: 36.773 GC heap before
{Heap before GC invocations=41 (full 2):
 PSYoungGen      total 16384K, used 16358K [0x00000000eab00000, 0x00000000ec280000, 0x0000000100000000)
  eden space 14848K, 100% used [0x00000000eab00000,0x00000000eb980000,0x00000000eb980000)
  from space 1536K, 98% used [0x00000000ebe00000,0x00000000ebf79a60,0x00000000ebf80000)
  to   space 4608K, 0% used [0x00000000eb980000,0x00000000eb980000,0x00000000ebe00000)
 ParOldGen       total 76288K, used 75867K [0x00000000c0000000, 0x00000000c4a80000, 0x00000000eab00000)
  object space 76288K, 99% used [0x00000000c0000000,0x00000000c4a16d18,0x00000000c4a80000)
 Metaspace       used 58362K, committed 59712K, reserved 1114112K
  class space    used 6610K, committed 7168K, reserved 1048576K
}
Event: 36.778 GC heap after
{Heap after GC invocations=41 (full 2):
 PSYoungGen      total 17408K, used 2231K [0x00000000eab00000, 0x00000000ebf80000, 0x0000000100000000)
  eden space 14848K, 0% used [0x00000000eab00000,0x00000000eab00000,0x00000000eb980000)
  from space 2560K, 87% used [0x00000000eb980000,0x00000000ebbadc68,0x00000000ebc00000)
  to   space 3072K, 0% used [0x00000000ebc80000,0x00000000ebc80000,0x00000000ebf80000)
 ParOldGen       total 77824K, used 77365K [0x00000000c0000000, 0x00000000c4c00000, 0x00000000eab00000)
  object space 77824K, 99% used [0x00000000c0000000,0x00000000c4b8d518,0x00000000c4c00000)
 Metaspace       used 58362K, committed 59712K, reserved 1114112K
  class space    used 6610K, committed 7168K, reserved 1048576K
}
Event: 36.855 GC heap before
{Heap before GC invocations=42 (full 2):
 PSYoungGen      total 17408K, used 7498K [0x00000000eab00000, 0x00000000ebf80000, 0x0000000100000000)
  eden space 14848K, 35% used [0x00000000eab00000,0x00000000eb024c90,0x00000000eb980000)
  from space 2560K, 87% used [0x00000000eb980000,0x00000000ebbadc68,0x00000000ebc00000)
  to   space 3072K, 0% used [0x00000000ebc80000,0x00000000ebc80000,0x00000000ebf80000)
 ParOldGen       total 77824K, used 77365K [0x00000000c0000000, 0x00000000c4c00000, 0x00000000eab00000)
  object space 77824K, 99% used [0x00000000c0000000,0x00000000c4b8d518,0x00000000c4c00000)
 Metaspace       used 58516K, committed 59776K, reserved 1114112K
  class space    used 6650K, committed 7168K, reserved 1048576K
}
Event: 36.859 GC heap after
{Heap after GC invocations=42 (full 2):
 PSYoungGen      total 15872K, used 1022K [0x00000000eab00000, 0x00000000ebd80000, 0x0000000100000000)
  eden space 14848K, 0% used [0x00000000eab00000,0x00000000eab00000,0x00000000eb980000)
  from space 1024K, 99% used [0x00000000ebc80000,0x00000000ebd7fa58,0x00000000ebd80000)
  to   space 2048K, 0% used [0x00000000eb980000,0x00000000eb980000,0x00000000ebb80000)
 ParOldGen       total 79872K, used 79541K [0x00000000c0000000, 0x00000000c4e00000, 0x00000000eab00000)
  object space 79872K, 99% used [0x00000000c0000000,0x00000000c4dad648,0x00000000c4e00000)
 Metaspace       used 58516K, committed 59776K, reserved 1114112K
  class space    used 6650K, committed 7168K, reserved 1048576K
}
Event: 36.859 GC heap before
{Heap before GC invocations=43 (full 3):
 PSYoungGen      total 15872K, used 1022K [0x00000000eab00000, 0x00000000ebd80000, 0x0000000100000000)
  eden space 14848K, 0% used [0x00000000eab00000,0x00000000eab00000,0x00000000eb980000)
  from space 1024K, 99% used [0x00000000ebc80000,0x00000000ebd7fa58,0x00000000ebd80000)
  to   space 2048K, 0% used [0x00000000eb980000,0x00000000eb980000,0x00000000ebb80000)
 ParOldGen       total 79872K, used 79541K [0x00000000c0000000, 0x00000000c4e00000, 0x00000000eab00000)
  object space 79872K, 99% used [0x00000000c0000000,0x00000000c4dad648,0x00000000c4e00000)
 Metaspace       used 58516K, committed 59776K, reserved 1114112K
  class space    used 6650K, committed 7168K, reserved 1048576K
}
Event: 37.015 GC heap after
{Heap after GC invocations=43 (full 3):
 PSYoungGen      total 15872K, used 0K [0x00000000eab00000, 0x00000000ebd80000, 0x0000000100000000)
  eden space 14848K, 0% used [0x00000000eab00000,0x00000000eab00000,0x00000000eb980000)
  from space 1024K, 0% used [0x00000000ebc80000,0x00000000ebc80000,0x00000000ebd80000)
  to   space 2048K, 0% used [0x00000000eb980000,0x00000000eb980000,0x00000000ebb80000)
 ParOldGen       total 79872K, used 74561K [0x00000000c0000000, 0x00000000c4e00000, 0x00000000eab00000)
  object space 79872K, 93% used [0x00000000c0000000,0x00000000c48d07e8,0x00000000c4e00000)
 Metaspace       used 58516K, committed 59776K, reserved 1114112K
  class space    used 6650K, committed 7168K, reserved 1048576K
}
Event: 37.422 GC heap before
{Heap before GC invocations=44 (full 3):
 PSYoungGen      total 15872K, used 14848K [0x00000000eab00000, 0x00000000ebd80000, 0x0000000100000000)
  eden space 14848K, 100% used [0x00000000eab00000,0x00000000eb980000,0x00000000eb980000)
  from space 1024K, 0% used [0x00000000ebc80000,0x00000000ebc80000,0x00000000ebd80000)
  to   space 2048K, 0% used [0x00000000eb980000,0x00000000eb980000,0x00000000ebb80000)
 ParOldGen       total 79872K, used 74561K [0x00000000c0000000, 0x00000000c4e00000, 0x00000000eab00000)
  object space 79872K, 93% used [0x00000000c0000000,0x00000000c48d07e8,0x00000000c4e00000)
 Metaspace       used 59437K, committed 60736K, reserved 1114112K
  class space    used 6777K, committed 7296K, reserved 1048576K
}
Event: 37.427 GC heap after
{Heap after GC invocations=44 (full 3):
 PSYoungGen      total 16896K, used 2047K [0x00000000eab00000, 0x00000000ebe80000, 0x0000000100000000)
  eden space 14848K, 0% used [0x00000000eab00000,0x00000000eab00000,0x00000000eb980000)
  from space 2048K, 99% used [0x00000000eb980000,0x00000000ebb7ff18,0x00000000ebb80000)
  to   space 2560K, 0% used [0x00000000ebc00000,0x00000000ebc00000,0x00000000ebe80000)
 ParOldGen       total 79872K, used 74618K [0x00000000c0000000, 0x00000000c4e00000, 0x00000000eab00000)
  object space 79872K, 93% used [0x00000000c0000000,0x00000000c48de980,0x00000000c4e00000)
 Metaspace       used 59437K, committed 60736K, reserved 1114112K
  class space    used 6777K, committed 7296K, reserved 1048576K
}
Event: 37.883 GC heap before
{Heap before GC invocations=45 (full 3):
 PSYoungGen      total 16896K, used 16895K [0x00000000eab00000, 0x00000000ebe80000, 0x0000000100000000)
  eden space 14848K, 100% used [0x00000000eab00000,0x00000000eb980000,0x00000000eb980000)
  from space 2048K, 99% used [0x00000000eb980000,0x00000000ebb7ff18,0x00000000ebb80000)
  to   space 2560K, 0% used [0x00000000ebc00000,0x00000000ebc00000,0x00000000ebe80000)
 ParOldGen       total 79872K, used 74618K [0x00000000c0000000, 0x00000000c4e00000, 0x00000000eab00000)
  object space 79872K, 93% used [0x00000000c0000000,0x00000000c48de980,0x00000000c4e00000)
 Metaspace       used 59491K, committed 60928K, reserved 1114112K
  class space    used 6784K, committed 7424K, reserved 1048576K
}
Event: 37.889 GC heap after
{Heap after GC invocations=45 (full 3):
 PSYoungGen      total 13824K, used 2557K [0x00000000eab00000, 0x00000000ec580000, 0x0000000100000000)
  eden space 11264K, 0% used [0x00000000eab00000,0x00000000eab00000,0x00000000eb600000)
  from space 2560K, 99% used [0x00000000ebc00000,0x00000000ebe7f6e8,0x00000000ebe80000)
  to   space 6144K, 0% used [0x00000000eb600000,0x00000000eb600000,0x00000000ebc00000)
 ParOldGen       total 79872K, used 77185K [0x00000000c0000000, 0x00000000c4e00000, 0x00000000eab00000)
  object space 79872K, 96% used [0x00000000c0000000,0x00000000c4b607f0,0x00000000c4e00000)
 Metaspace       used 59491K, committed 60928K, reserved 1114112K
  class space    used 6784K, committed 7424K, reserved 1048576K
}
Event: 38.003 GC heap before
{Heap before GC invocations=46 (full 3):
 PSYoungGen      total 13824K, used 13821K [0x00000000eab00000, 0x00000000ec580000, 0x0000000100000000)
  eden space 11264K, 99% used [0x00000000eab00000,0x00000000eb5ffff8,0x00000000eb600000)
  from space 2560K, 99% used [0x00000000ebc00000,0x00000000ebe7f6e8,0x00000000ebe80000)
  to   space 6144K, 0% used [0x00000000eb600000,0x00000000eb600000,0x00000000ebc00000)
 ParOldGen       total 79872K, used 77185K [0x00000000c0000000, 0x00000000c4e00000, 0x00000000eab00000)
  object space 79872K, 96% used [0x00000000c0000000,0x00000000c4b607f0,0x00000000c4e00000)
 Metaspace       used 59494K, committed 60928K, reserved 1114112K
  class space    used 6784K, committed 7424K, reserved 1048576K
}
Event: 38.008 GC heap after
{Heap after GC invocations=46 (full 3):
 PSYoungGen      total 13824K, used 2553K [0x00000000eab00000, 0x00000000ebd00000, 0x0000000100000000)
  eden space 11264K, 0% used [0x00000000eab00000,0x00000000eab00000,0x00000000eb600000)
  from space 2560K, 99% used [0x00000000eb600000,0x00000000eb87e430,0x00000000eb880000)
  to   space 3584K, 0% used [0x00000000eb980000,0x00000000eb980000,0x00000000ebd00000)
 ParOldGen       total 79872K, used 79666K [0x00000000c0000000, 0x00000000c4e00000, 0x00000000eab00000)
  object space 79872K, 99% used [0x00000000c0000000,0x00000000c4dcc9c0,0x00000000c4e00000)
 Metaspace       used 59494K, committed 60928K, reserved 1114112K
  class space    used 6784K, committed 7424K, reserved 1048576K
}
Event: 38.245 GC heap before
{Heap before GC invocations=47 (full 3):
 PSYoungGen      total 13824K, used 13817K [0x00000000eab00000, 0x00000000ebd00000, 0x0000000100000000)
  eden space 11264K, 100% used [0x00000000eab00000,0x00000000eb600000,0x00000000eb600000)
  from space 2560K, 99% used [0x00000000eb600000,0x00000000eb87e430,0x00000000eb880000)
  to   space 3584K, 0% used [0x00000000eb980000,0x00000000eb980000,0x00000000ebd00000)
 ParOldGen       total 79872K, used 79666K [0x00000000c0000000, 0x00000000c4e00000, 0x00000000eab00000)
  object space 79872K, 99% used [0x00000000c0000000,0x00000000c4dcc9c0,0x00000000c4e00000)
 Metaspace       used 59497K, committed 60928K, reserved 1114112K
  class space    used 6784K, committed 7424K, reserved 1048576K
}
Event: 38.249 GC heap after
{Heap after GC invocations=47 (full 3):
 PSYoungGen      total 14336K, used 3452K [0x00000000eab00000, 0x00000000ebe00000, 0x0000000100000000)
  eden space 10752K, 0% used [0x00000000eab00000,0x00000000eab00000,0x00000000eb580000)
  from space 3584K, 96% used [0x00000000eb980000,0x00000000ebcdf280,0x00000000ebd00000)
  to   space 4096K, 0% used [0x00000000eb580000,0x00000000eb580000,0x00000000eb980000)
 ParOldGen       total 82432K, used 82034K [0x00000000c0000000, 0x00000000c5080000, 0x00000000eab00000)
  object space 82432K, 99% used [0x00000000c0000000,0x00000000c501cb40,0x00000000c5080000)
 Metaspace       used 59497K, committed 60928K, reserved 1114112K
  class space    used 6784K, committed 7424K, reserved 1048576K
}
Event: 38.389 GC heap before
{Heap before GC invocations=48 (full 3):
 PSYoungGen      total 14336K, used 14204K [0x00000000eab00000, 0x00000000ebe00000, 0x0000000100000000)
  eden space 10752K, 100% used [0x00000000eab00000,0x00000000eb580000,0x00000000eb580000)
  from space 3584K, 96% used [0x00000000eb980000,0x00000000ebcdf280,0x00000000ebd00000)
  to   space 4096K, 0% used [0x00000000eb580000,0x00000000eb580000,0x00000000eb980000)
 ParOldGen       total 82432K, used 82034K [0x00000000c0000000, 0x00000000c5080000, 0x00000000eab00000)
  object space 82432K, 99% used [0x00000000c0000000,0x00000000c501cb40,0x00000000c5080000)
 Metaspace       used 59514K, committed 60928K, reserved 1114112K
  class space    used 6787K, committed 7424K, reserved 1048576K
}
Event: 38.394 GC heap after
{Heap after GC invocations=48 (full 3):
 PSYoungGen      total 13824K, used 2581K [0x00000000eab00000, 0x00000000ebb80000, 0x0000000100000000)
  eden space 10752K, 0% used [0x00000000eab00000,0x00000000eab00000,0x00000000eb580000)
  from space 3072K, 84% used [0x00000000eb580000,0x00000000eb805560,0x00000000eb880000)
  to   space 3072K, 0% used [0x00000000eb880000,0x00000000eb880000,0x00000000ebb80000)
 ParOldGen       total 85504K, used 85290K [0x00000000c0000000, 0x00000000c5380000, 0x00000000eab00000)
  object space 85504K, 99% used [0x00000000c0000000,0x00000000c534aab0,0x00000000c5380000)
 Metaspace       used 59514K, committed 60928K, reserved 1114112K
  class space    used 6787K, committed 7424K, reserved 1048576K
}
Event: 38.534 GC heap before
{Heap before GC invocations=49 (full 3):
 PSYoungGen      total 13824K, used 13333K [0x00000000eab00000, 0x00000000ebb80000, 0x0000000100000000)
  eden space 10752K, 100% used [0x00000000eab00000,0x00000000eb580000,0x00000000eb580000)
  from space 3072K, 84% used [0x00000000eb580000,0x00000000eb805560,0x00000000eb880000)
  to   space 3072K, 0% used [0x00000000eb880000,0x00000000eb880000,0x00000000ebb80000)
 ParOldGen       total 85504K, used 85290K [0x00000000c0000000, 0x00000000c5380000, 0x00000000eab00000)
  object space 85504K, 99% used [0x00000000c0000000,0x00000000c534aab0,0x00000000c5380000)
 Metaspace       used 59514K, committed 60928K, reserved 1114112K
  class space    used 6787K, committed 7424K, reserved 1048576K
}
Event: 38.538 GC heap after
{Heap after GC invocations=49 (full 3):
 PSYoungGen      total 13824K, used 2750K [0x00000000eab00000, 0x00000000ebb80000, 0x0000000100000000)
  eden space 10752K, 0% used [0x00000000eab00000,0x00000000eab00000,0x00000000eb580000)
  from space 3072K, 89% used [0x00000000eb880000,0x00000000ebb2fb88,0x00000000ebb80000)
  to   space 3072K, 0% used [0x00000000eb580000,0x00000000eb580000,0x00000000eb880000)
 ParOldGen       total 88064K, used 87694K [0x00000000c0000000, 0x00000000c5600000, 0x00000000eab00000)
  object space 88064K, 99% used [0x00000000c0000000,0x00000000c55a3898,0x00000000c5600000)
 Metaspace       used 59514K, committed 60928K, reserved 1114112K
  class space    used 6787K, committed 7424K, reserved 1048576K
}
Event: 38.670 GC heap before
{Heap before GC invocations=50 (full 3):
 PSYoungGen      total 13824K, used 13502K [0x00000000eab00000, 0x00000000ebb80000, 0x0000000100000000)
  eden space 10752K, 100% used [0x00000000eab00000,0x00000000eb580000,0x00000000eb580000)
  from space 3072K, 89% used [0x00000000eb880000,0x00000000ebb2fb88,0x00000000ebb80000)
  to   space 3072K, 0% used [0x00000000eb580000,0x00000000eb580000,0x00000000eb880000)
 ParOldGen       total 88064K, used 87694K [0x00000000c0000000, 0x00000000c5600000, 0x00000000eab00000)
  object space 88064K, 99% used [0x00000000c0000000,0x00000000c55a3898,0x00000000c5600000)
 Metaspace       used 59516K, committed 60928K, reserved 1114112K
  class space    used 6787K, committed 7424K, reserved 1048576K
}

