# JRE version: Java(TM) SE Runtime Environment (17.0.12+8) (build 17.0.12+8-LTS-286)
# Java VM: Java HotSpot(TM) 64-Bit Server VM (17.0.12+8-LTS-286, mixed mode, sharing, tiered, compressed oops, compressed class ptrs, g1 gc, windows-amd64)
GC Precious Log:
 CPUs: 8 total, 8 available
 Memory: 8051M
 Large Page Support: Disabled
 NUMA Support: Disabled
 Compressed Oops: Enabled (32-bit)
 Heap Region Size: 1M
 Heap Min Capacity: 8M
 Heap Initial Capacity: 126M
 Heap Max Capacity: 2G
 Pre-touch: Disabled
 Parallel Workers: 8
 Concurrent Workers: 2
 Concurrent Refinement Workers: 8
 Periodic GC: Disabled
Heap:
 garbage-first heap   total 101376K, used 74471K [0x0000000080000000, 0x0000000100000000)
  region size 1024K, 28 young (28672K), 4 survivors (4096K)
 Metaspace       used 48969K, committed 49600K, reserved 1114112K
  class space    used 6814K, committed 7104K, reserved 1048576K
GC Heap History (20 events):
Event: 33.567 GC heap before
{Heap before GC invocations=9 (full 0):
 garbage-first heap   total 92160K, used 40859K [0x0000000080000000, 0x0000000100000000)
  region size 1024K, 14 young (14336K), 5 survivors (5120K)
 Metaspace       used 35568K, committed 35968K, reserved 1114112K
  class space    used 5149K, committed 5376K, reserved 1048576K
}
Event: 33.575 GC heap after
{Heap after GC invocations=10 (full 0):
 garbage-first heap   total 92160K, used 33245K [0x0000000080000000, 0x0000000100000000)
  region size 1024K, 4 young (4096K), 4 survivors (4096K)
 Metaspace       used 35568K, committed 35968K, reserved 1114112K
  class space    used 5149K, committed 5376K, reserved 1048576K
}
Event: 36.550 GC heap before
{Heap before GC invocations=11 (full 0):
 garbage-first heap   total 92160K, used 71133K [0x0000000080000000, 0x0000000100000000)
  region size 1024K, 41 young (41984K), 4 survivors (4096K)
 Metaspace       used 41784K, committed 42240K, reserved 1114112K
  class space    used 5886K, committed 6080K, reserved 1048576K
}
Event: 36.563 GC heap after
{Heap after GC invocations=12 (full 0):
 garbage-first heap   total 92160K, used 37373K [0x0000000080000000, 0x0000000100000000)
  region size 1024K, 6 young (6144K), 6 survivors (6144K)
 Metaspace       used 41784K, committed 42240K, reserved 1114112K
  class space    used 5886K, committed 6080K, reserved 1048576K
}
Event: 38.357 GC heap before
{Heap before GC invocations=12 (full 0):
 garbage-first heap   total 92160K, used 76285K [0x0000000080000000, 0x0000000100000000)
  region size 1024K, 39 young (39936K), 6 survivors (6144K)
 Metaspace       used 43747K, committed 44288K, reserved 1114112K
  class space    used 6065K, committed 6336K, reserved 1048576K
}
Event: 38.371 GC heap after
{Heap after GC invocations=13 (full 0):
 garbage-first heap   total 92160K, used 41178K [0x0000000080000000, 0x0000000100000000)
  region size 1024K, 4 young (4096K), 4 survivors (4096K)
 Metaspace       used 43747K, committed 44288K, reserved 1114112K
  class space    used 6065K, committed 6336K, reserved 1048576K
}
Event: 38.826 GC heap before
{Heap before GC invocations=13 (full 0):
 garbage-first heap   total 92160K, used 71898K [0x0000000080000000, 0x0000000100000000)
  region size 1024K, 34 young (34816K), 4 survivors (4096K)
 Metaspace       used 43762K, committed 44288K, reserved 1114112K
  class space    used 6065K, committed 6336K, reserved 1048576K
}
Event: 38.835 GC heap after
{Heap after GC invocations=14 (full 0):
 garbage-first heap   total 92160K, used 42594K [0x0000000080000000, 0x0000000100000000)
  region size 1024K, 3 young (3072K), 3 survivors (3072K)
 Metaspace       used 43762K, committed 44288K, reserved 1114112K
  class space    used 6065K, committed 6336K, reserved 1048576K
}
Event: 39.140 GC heap before
{Heap before GC invocations=14 (full 0):
 garbage-first heap   total 92160K, used 73314K [0x0000000080000000, 0x0000000100000000)
  region size 1024K, 33 young (33792K), 3 survivors (3072K)
 Metaspace       used 43764K, committed 44288K, reserved 1114112K
  class space    used 6065K, committed 6336K, reserved 1048576K
}
Event: 39.145 GC heap after
{Heap after GC invocations=15 (full 0):
 garbage-first heap   total 92160K, used 43757K [0x0000000080000000, 0x0000000100000000)
  region size 1024K, 4 young (4096K), 4 survivors (4096K)
 Metaspace       used 43764K, committed 44288K, reserved 1114112K
  class space    used 6065K, committed 6336K, reserved 1048576K
}
Event: 39.743 GC heap before
{Heap before GC invocations=15 (full 0):
 garbage-first heap   total 92160K, used 74477K [0x0000000080000000, 0x0000000100000000)
  region size 1024K, 34 young (34816K), 4 survivors (4096K)
 Metaspace       used 43770K, committed 44288K, reserved 1114112K
  class space    used 6065K, committed 6336K, reserved 1048576K
}
Event: 39.754 GC heap after
{Heap after GC invocations=16 (full 0):
 garbage-first heap   total 92160K, used 45174K [0x0000000080000000, 0x0000000100000000)
  region size 1024K, 4 young (4096K), 4 survivors (4096K)
 Metaspace       used 43770K, committed 44288K, reserved 1114112K
  class space    used 6065K, committed 6336K, reserved 1048576K
}
Event: 40.490 GC heap before
{Heap before GC invocations=16 (full 0):
 garbage-first heap   total 92160K, used 73846K [0x0000000080000000, 0x0000000100000000)
  region size 1024K, 32 young (32768K), 4 survivors (4096K)
 Metaspace       used 43778K, committed 44288K, reserved 1114112K
  class space    used 6065K, committed 6336K, reserved 1048576K
}
Event: 40.500 GC heap after
{Heap after GC invocations=17 (full 0):
 garbage-first heap   total 92160K, used 46515K [0x0000000080000000, 0x0000000100000000)
  region size 1024K, 2 young (2048K), 2 survivors (2048K)
 Metaspace       used 43778K, committed 44288K, reserved 1114112K
  class space    used 6065K, committed 6336K, reserved 1048576K
}
Event: 42.057 GC heap before
{Heap before GC invocations=18 (full 0):
 garbage-first heap   total 92160K, used 75187K [0x0000000080000000, 0x0000000100000000)
  region size 1024K, 30 young (30720K), 2 survivors (2048K)
 Metaspace       used 44253K, committed 44800K, reserved 1114112K
  class space    used 6095K, committed 6336K, reserved 1048576K
}
Event: 42.071 GC heap after
{Heap after GC invocations=19 (full 0):
 garbage-first heap   total 92160K, used 48182K [0x0000000080000000, 0x0000000100000000)
  region size 1024K, 4 young (4096K), 4 survivors (4096K)
 Metaspace       used 44253K, committed 44800K, reserved 1114112K
  class space    used 6095K, committed 6336K, reserved 1048576K
}
Event: 44.650 GC heap before
{Heap before GC invocations=19 (full 0):
 garbage-first heap   total 92160K, used 74806K [0x0000000080000000, 0x0000000100000000)
  region size 1024K, 30 young (30720K), 4 survivors (4096K)
 Metaspace       used 45761K, committed 46336K, reserved 1114112K
  class space    used 6295K, committed 6592K, reserved 1048576K
}
Event: 44.658 GC heap after
{Heap after GC invocations=20 (full 0):
 garbage-first heap   total 92160K, used 49729K [0x0000000080000000, 0x0000000100000000)
  region size 1024K, 4 young (4096K), 4 survivors (4096K)
 Metaspace       used 45761K, committed 46336K, reserved 1114112K
  class space    used 6295K, committed 6592K, reserved 1048576K
}
Event: 45.403 GC heap before
{Heap before GC invocations=21 (full 0):
 garbage-first heap   total 101376K, used 74305K [0x0000000080000000, 0x0000000100000000)
  region size 1024K, 28 young (28672K), 4 survivors (4096K)
 Metaspace       used 46283K, committed 46848K, reserved 1114112K
  class space    used 6360K, committed 6656K, reserved 1048576K
}
Event: 45.411 GC heap after
{Heap after GC invocations=22 (full 0):
 garbage-first heap   total 101376K, used 50919K [0x0000000080000000, 0x0000000100000000)
  region size 1024K, 4 young (4096K), 4 survivors (4096K)
 Metaspace       used 46283K, committed 46848K, reserved 1114112K
  class space    used 6360K, committed 6656K, reserved 1048576K
}

