# JRE version: OpenJDK Runtime Environment Temurin-21.0.6+7 (21.0.6+7) (build 21.0.6+7-LTS)
# Java VM: OpenJDK 64-Bit Server VM Temurin-21.0.6+7 (21.0.6+7-LTS, mixed mode, sharing, tiered, compressed oops, compressed class ptrs, parallel gc, windows-amd64)
GC Precious Log:
 CardTable entry size: 512
 CPUs: 8 total, 8 available
 Memory: 8051M
 Large Page Support: Disabled
 NUMA Support: Disabled
 Compressed Oops: Enabled (32-bit)
 Alignments: Space 512K, Generation 512K, Heap 2M
 Heap Min Capacity: 100M
 Heap Initial Capacity: 100M
 Heap Max Capacity: 1G
 Pre-touch: Disabled
 Parallel Workers: 8
Heap:
 PSYoungGen      total 14848K, used 1390K [0x00000000eab00000, 0x00000000ebc80000, 0x0000000100000000)
  eden space 13312K, 0% used [0x00000000eab00000,0x00000000eab00000,0x00000000eb800000)
  from space 1536K, 90% used [0x00000000ebb00000,0x00000000ebc5b890,0x00000000ebc80000)
  to   space 2048K, 0% used [0x00000000eb880000,0x00000000eb880000,0x00000000eba80000)
 ParOldGen       total 106496K, used 106054K [0x00000000c0000000, 0x00000000c6800000, 0x00000000eab00000)
  object space 106496K, 99% used [0x00000000c0000000,0x00000000c6791990,0x00000000c6800000)
 Metaspace       used 58470K, committed 59776K, reserved 1114112K
  class space    used 6659K, committed 7168K, reserved 1048576K
GC Heap History (20 events):
Event: 28.159 GC heap after
{Heap after GC invocations=41 (full 2):
 PSYoungGen      total 17408K, used 2187K [0x00000000eab00000, 0x00000000ebe80000, 0x0000000100000000)
  eden space 14848K, 0% used [0x00000000eab00000,0x00000000eab00000,0x00000000eb980000)
  from space 2560K, 85% used [0x00000000eba00000,0x00000000ebc22f10,0x00000000ebc80000)
  to   space 2048K, 0% used [0x00000000ebc80000,0x00000000ebc80000,0x00000000ebe80000)
 ParOldGen       total 84480K, used 84207K [0x00000000c0000000, 0x00000000c5280000, 0x00000000eab00000)
  object space 84480K, 99% used [0x00000000c0000000,0x00000000c523be10,0x00000000c5280000)
 Metaspace       used 54519K, committed 55808K, reserved 1114112K
  class space    used 5981K, committed 6464K, reserved 1048576K
}
Event: 28.644 GC heap before
{Heap before GC invocations=42 (full 2):
 PSYoungGen      total 17408K, used 17035K [0x00000000eab00000, 0x00000000ebe80000, 0x0000000100000000)
  eden space 14848K, 100% used [0x00000000eab00000,0x00000000eb980000,0x00000000eb980000)
  from space 2560K, 85% used [0x00000000eba00000,0x00000000ebc22f10,0x00000000ebc80000)
  to   space 2048K, 0% used [0x00000000ebc80000,0x00000000ebc80000,0x00000000ebe80000)
 ParOldGen       total 84480K, used 84207K [0x00000000c0000000, 0x00000000c5280000, 0x00000000eab00000)
  object space 84480K, 99% used [0x00000000c0000000,0x00000000c523be10,0x00000000c5280000)
 Metaspace       used 54519K, committed 55808K, reserved 1114112K
  class space    used 5981K, committed 6464K, reserved 1048576K
}
Event: 28.650 GC heap after
{Heap after GC invocations=42 (full 2):
 PSYoungGen      total 15360K, used 2028K [0x00000000eab00000, 0x00000000ec280000, 0x0000000100000000)
  eden space 13312K, 0% used [0x00000000eab00000,0x00000000eab00000,0x00000000eb800000)
  from space 2048K, 99% used [0x00000000ebc80000,0x00000000ebe7b288,0x00000000ebe80000)
  to   space 4608K, 0% used [0x00000000eb800000,0x00000000eb800000,0x00000000ebc80000)
 ParOldGen       total 86528K, used 86366K [0x00000000c0000000, 0x00000000c5480000, 0x00000000eab00000)
  object space 86528K, 99% used [0x00000000c0000000,0x00000000c5457b48,0x00000000c5480000)
 Metaspace       used 54519K, committed 55808K, reserved 1114112K
  class space    used 5981K, committed 6464K, reserved 1048576K
}
Event: 29.139 GC heap before
{Heap before GC invocations=43 (full 2):
 PSYoungGen      total 15360K, used 15340K [0x00000000eab00000, 0x00000000ec280000, 0x0000000100000000)
  eden space 13312K, 100% used [0x00000000eab00000,0x00000000eb800000,0x00000000eb800000)
  from space 2048K, 99% used [0x00000000ebc80000,0x00000000ebe7b288,0x00000000ebe80000)
  to   space 4608K, 0% used [0x00000000eb800000,0x00000000eb800000,0x00000000ebc80000)
 ParOldGen       total 86528K, used 86366K [0x00000000c0000000, 0x00000000c5480000, 0x00000000eab00000)
  object space 86528K, 99% used [0x00000000c0000000,0x00000000c5457b48,0x00000000c5480000)
 Metaspace       used 54522K, committed 55808K, reserved 1114112K
  class space    used 5981K, committed 6464K, reserved 1048576K
}
Event: 29.143 GC heap after
{Heap after GC invocations=43 (full 2):
 PSYoungGen      total 15360K, used 1883K [0x00000000eab00000, 0x00000000ebe00000, 0x0000000100000000)
  eden space 13312K, 0% used [0x00000000eab00000,0x00000000eab00000,0x00000000eb800000)
  from space 2048K, 91% used [0x00000000eb800000,0x00000000eb9d6e58,0x00000000eba00000)
  to   space 3072K, 0% used [0x00000000ebb00000,0x00000000ebb00000,0x00000000ebe00000)
 ParOldGen       total 88576K, used 88310K [0x00000000c0000000, 0x00000000c5680000, 0x00000000eab00000)
  object space 88576K, 99% used [0x00000000c0000000,0x00000000c563d808,0x00000000c5680000)
 Metaspace       used 54522K, committed 55808K, reserved 1114112K
  class space    used 5981K, committed 6464K, reserved 1048576K
}
Event: 29.681 GC heap before
{Heap before GC invocations=44 (full 2):
 PSYoungGen      total 15360K, used 15170K [0x00000000eab00000, 0x00000000ebe00000, 0x0000000100000000)
  eden space 13312K, 99% used [0x00000000eab00000,0x00000000eb7f9cd8,0x00000000eb800000)
  from space 2048K, 91% used [0x00000000eb800000,0x00000000eb9d6e58,0x00000000eba00000)
  to   space 3072K, 0% used [0x00000000ebb00000,0x00000000ebb00000,0x00000000ebe00000)
 ParOldGen       total 88576K, used 88310K [0x00000000c0000000, 0x00000000c5680000, 0x00000000eab00000)
  object space 88576K, 99% used [0x00000000c0000000,0x00000000c563d808,0x00000000c5680000)
 Metaspace       used 54525K, committed 55808K, reserved 1114112K
  class space    used 5981K, committed 6464K, reserved 1048576K
}
Event: 29.685 GC heap after
{Heap after GC invocations=44 (full 2):
 PSYoungGen      total 15360K, used 1591K [0x00000000eab00000, 0x00000000ebd00000, 0x0000000100000000)
  eden space 13312K, 0% used [0x00000000eab00000,0x00000000eab00000,0x00000000eb800000)
  from space 2048K, 77% used [0x00000000ebb00000,0x00000000ebc8dcd0,0x00000000ebd00000)
  to   space 2048K, 0% used [0x00000000eb800000,0x00000000eb800000,0x00000000eba00000)
 ParOldGen       total 90112K, used 90018K [0x00000000c0000000, 0x00000000c5800000, 0x00000000eab00000)
  object space 90112K, 99% used [0x00000000c0000000,0x00000000c57e8a68,0x00000000c5800000)
 Metaspace       used 54525K, committed 55808K, reserved 1114112K
  class space    used 5981K, committed 6464K, reserved 1048576K
}
Event: 30.424 GC heap before
{Heap before GC invocations=45 (full 2):
 PSYoungGen      total 15360K, used 14903K [0x00000000eab00000, 0x00000000ebd00000, 0x0000000100000000)
  eden space 13312K, 100% used [0x00000000eab00000,0x00000000eb800000,0x00000000eb800000)
  from space 2048K, 77% used [0x00000000ebb00000,0x00000000ebc8dcd0,0x00000000ebd00000)
  to   space 2048K, 0% used [0x00000000eb800000,0x00000000eb800000,0x00000000eba00000)
 ParOldGen       total 90112K, used 90018K [0x00000000c0000000, 0x00000000c5800000, 0x00000000eab00000)
  object space 90112K, 99% used [0x00000000c0000000,0x00000000c57e8a68,0x00000000c5800000)
 Metaspace       used 54542K, committed 55808K, reserved 1114112K
  class space    used 5982K, committed 6464K, reserved 1048576K
}
Event: 30.431 GC heap after
{Heap after GC invocations=45 (full 2):
 PSYoungGen      total 15360K, used 2018K [0x00000000eab00000, 0x00000000ec600000, 0x0000000100000000)
  eden space 13312K, 0% used [0x00000000eab00000,0x00000000eab00000,0x00000000eb800000)
  from space 2048K, 98% used [0x00000000eb800000,0x00000000eb9f89a0,0x00000000eba00000)
  to   space 7168K, 0% used [0x00000000ebf00000,0x00000000ebf00000,0x00000000ec600000)
 ParOldGen       total 94720K, used 94244K [0x00000000c0000000, 0x00000000c5c80000, 0x00000000eab00000)
  object space 94720K, 99% used [0x00000000c0000000,0x00000000c5c090d0,0x00000000c5c80000)
 Metaspace       used 54542K, committed 55808K, reserved 1114112K
  class space    used 5982K, committed 6464K, reserved 1048576K
}
Event: 30.640 GC heap before
{Heap before GC invocations=46 (full 2):
 PSYoungGen      total 15360K, used 15330K [0x00000000eab00000, 0x00000000ec600000, 0x0000000100000000)
  eden space 13312K, 100% used [0x00000000eab00000,0x00000000eb800000,0x00000000eb800000)
  from space 2048K, 98% used [0x00000000eb800000,0x00000000eb9f89a0,0x00000000eba00000)
  to   space 7168K, 0% used [0x00000000ebf00000,0x00000000ebf00000,0x00000000ec600000)
 ParOldGen       total 94720K, used 94244K [0x00000000c0000000, 0x00000000c5c80000, 0x00000000eab00000)
  object space 94720K, 99% used [0x00000000c0000000,0x00000000c5c090d0,0x00000000c5c80000)
 Metaspace       used 54700K, committed 56000K, reserved 1114112K
  class space    used 6013K, committed 6528K, reserved 1048576K
}
Event: 30.645 GC heap after
{Heap after GC invocations=46 (full 2):
 PSYoungGen      total 14848K, used 1495K [0x00000000eab00000, 0x00000000ec080000, 0x0000000100000000)
  eden space 13312K, 0% used [0x00000000eab00000,0x00000000eab00000,0x00000000eb800000)
  from space 1536K, 97% used [0x00000000ebf00000,0x00000000ec075f78,0x00000000ec080000)
  to   space 3584K, 0% used [0x00000000eb980000,0x00000000eb980000,0x00000000ebd00000)
 ParOldGen       total 96256K, used 96222K [0x00000000c0000000, 0x00000000c5e00000, 0x00000000eab00000)
  object space 96256K, 99% used [0x00000000c0000000,0x00000000c5df7aa8,0x00000000c5e00000)
 Metaspace       used 54700K, committed 56000K, reserved 1114112K
  class space    used 6013K, committed 6528K, reserved 1048576K
}
Event: 30.922 GC heap before
{Heap before GC invocations=47 (full 2):
 PSYoungGen      total 14848K, used 14807K [0x00000000eab00000, 0x00000000ec080000, 0x0000000100000000)
  eden space 13312K, 100% used [0x00000000eab00000,0x00000000eb800000,0x00000000eb800000)
  from space 1536K, 97% used [0x00000000ebf00000,0x00000000ec075f78,0x00000000ec080000)
  to   space 3584K, 0% used [0x00000000eb980000,0x00000000eb980000,0x00000000ebd00000)
 ParOldGen       total 96256K, used 96222K [0x00000000c0000000, 0x00000000c5e00000, 0x00000000eab00000)
  object space 96256K, 99% used [0x00000000c0000000,0x00000000c5df7aa8,0x00000000c5e00000)
 Metaspace       used 55072K, committed 56320K, reserved 1114112K
  class space    used 6095K, committed 6592K, reserved 1048576K
}
Event: 30.926 GC heap after
{Heap after GC invocations=47 (full 2):
 PSYoungGen      total 16896K, used 2136K [0x00000000eab00000, 0x00000000ebf80000, 0x0000000100000000)
  eden space 13312K, 0% used [0x00000000eab00000,0x00000000eab00000,0x00000000eb800000)
  from space 3584K, 59% used [0x00000000eb980000,0x00000000ebb96158,0x00000000ebd00000)
  to   space 2560K, 0% used [0x00000000ebd00000,0x00000000ebd00000,0x00000000ebf80000)
 ParOldGen       total 97792K, used 97627K [0x00000000c0000000, 0x00000000c5f80000, 0x00000000eab00000)
  object space 97792K, 99% used [0x00000000c0000000,0x00000000c5f56f38,0x00000000c5f80000)
 Metaspace       used 55072K, committed 56320K, reserved 1114112K
  class space    used 6095K, committed 6592K, reserved 1048576K
}
Event: 31.262 GC heap before
{Heap before GC invocations=48 (full 2):
 PSYoungGen      total 16896K, used 15448K [0x00000000eab00000, 0x00000000ebf80000, 0x0000000100000000)
  eden space 13312K, 100% used [0x00000000eab00000,0x00000000eb800000,0x00000000eb800000)
  from space 3584K, 59% used [0x00000000eb980000,0x00000000ebb96158,0x00000000ebd00000)
  to   space 2560K, 0% used [0x00000000ebd00000,0x00000000ebd00000,0x00000000ebf80000)
 ParOldGen       total 97792K, used 97627K [0x00000000c0000000, 0x00000000c5f80000, 0x00000000eab00000)
  object space 97792K, 99% used [0x00000000c0000000,0x00000000c5f56f38,0x00000000c5f80000)
 Metaspace       used 55879K, committed 57152K, reserved 1114112K
  class space    used 6232K, committed 6720K, reserved 1048576K
}
Event: 31.269 GC heap after
{Heap after GC invocations=48 (full 2):
 PSYoungGen      total 15360K, used 1634K [0x00000000eab00000, 0x00000000ebf00000, 0x0000000100000000)
  eden space 13312K, 0% used [0x00000000eab00000,0x00000000eab00000,0x00000000eb800000)
  from space 2048K, 79% used [0x00000000ebd00000,0x00000000ebe98a70,0x00000000ebf00000)
  to   space 2048K, 0% used [0x00000000ebb00000,0x00000000ebb00000,0x00000000ebd00000)
 ParOldGen       total 99840K, used 99739K [0x00000000c0000000, 0x00000000c6180000, 0x00000000eab00000)
  object space 99840K, 99% used [0x00000000c0000000,0x00000000c6166c70,0x00000000c6180000)
 Metaspace       used 55879K, committed 57152K, reserved 1114112K
  class space    used 6232K, committed 6720K, reserved 1048576K
}
Event: 31.788 GC heap before
{Heap before GC invocations=49 (full 2):
 PSYoungGen      total 15360K, used 14946K [0x00000000eab00000, 0x00000000ebf00000, 0x0000000100000000)
  eden space 13312K, 100% used [0x00000000eab00000,0x00000000eb800000,0x00000000eb800000)
  from space 2048K, 79% used [0x00000000ebd00000,0x00000000ebe98a70,0x00000000ebf00000)
  to   space 2048K, 0% used [0x00000000ebb00000,0x00000000ebb00000,0x00000000ebd00000)
 ParOldGen       total 99840K, used 99739K [0x00000000c0000000, 0x00000000c6180000, 0x00000000eab00000)
  object space 99840K, 99% used [0x00000000c0000000,0x00000000c6166c70,0x00000000c6180000)
 Metaspace       used 56868K, committed 58240K, reserved 1114112K
  class space    used 6382K, committed 6912K, reserved 1048576K
}
Event: 31.792 GC heap after
{Heap after GC invocations=49 (full 2):
 PSYoungGen      total 15360K, used 1786K [0x00000000eab00000, 0x00000000ebd80000, 0x0000000100000000)
  eden space 13312K, 0% used [0x00000000eab00000,0x00000000eab00000,0x00000000eb800000)
  from space 2048K, 87% used [0x00000000ebb00000,0x00000000ebcbe960,0x00000000ebd00000)
  to   space 512K, 0% used [0x00000000ebd00000,0x00000000ebd00000,0x00000000ebd80000)
 ParOldGen       total 101376K, used 101303K [0x00000000c0000000, 0x00000000c6300000, 0x00000000eab00000)
  object space 101376K, 99% used [0x00000000c0000000,0x00000000c62edc80,0x00000000c6300000)
 Metaspace       used 56868K, committed 58240K, reserved 1114112K
  class space    used 6382K, committed 6912K, reserved 1048576K
}
Event: 32.187 GC heap before
{Heap before GC invocations=50 (full 2):
 PSYoungGen      total 15360K, used 15098K [0x00000000eab00000, 0x00000000ebd80000, 0x0000000100000000)
  eden space 13312K, 100% used [0x00000000eab00000,0x00000000eb800000,0x00000000eb800000)
  from space 2048K, 87% used [0x00000000ebb00000,0x00000000ebcbe960,0x00000000ebd00000)
  to   space 512K, 0% used [0x00000000ebd00000,0x00000000ebd00000,0x00000000ebd80000)
 ParOldGen       total 101376K, used 101303K [0x00000000c0000000, 0x00000000c6300000, 0x00000000eab00000)
  object space 101376K, 99% used [0x00000000c0000000,0x00000000c62edc80,0x00000000c6300000)
 Metaspace       used 57847K, committed 59136K, reserved 1114112K
  class space    used 6551K, committed 7040K, reserved 1048576K
}
Event: 32.197 GC heap after
{Heap after GC invocations=50 (full 2):
 PSYoungGen      total 13824K, used 482K [0x00000000eab00000, 0x00000000ebe00000, 0x0000000100000000)
  eden space 13312K, 0% used [0x00000000eab00000,0x00000000eab00000,0x00000000eb800000)
  from space 512K, 94% used [0x00000000ebd00000,0x00000000ebd78940,0x00000000ebd80000)
  to   space 3072K, 0% used [0x00000000eb800000,0x00000000eb800000,0x00000000ebb00000)
 ParOldGen       total 103936K, used 103524K [0x00000000c0000000, 0x00000000c6580000, 0x00000000eab00000)
  object space 103936K, 99% used [0x00000000c0000000,0x00000000c65192c0,0x00000000c6580000)
 Metaspace       used 57847K, committed 59136K, reserved 1114112K
  class space    used 6551K, committed 7040K, reserved 1048576K
}
Event: 32.542 GC heap before
{Heap before GC invocations=51 (full 2):
 PSYoungGen      total 13824K, used 13794K [0x00000000eab00000, 0x00000000ebe00000, 0x0000000100000000)
  eden space 13312K, 100% used [0x00000000eab00000,0x00000000eb800000,0x00000000eb800000)
  from space 512K, 94% used [0x00000000ebd00000,0x00000000ebd78940,0x00000000ebd80000)
  to   space 3072K, 0% used [0x00000000eb800000,0x00000000eb800000,0x00000000ebb00000)
 ParOldGen       total 103936K, used 103524K [0x00000000c0000000, 0x00000000c6580000, 0x00000000eab00000)
  object space 103936K, 99% used [0x00000000c0000000,0x00000000c65192c0,0x00000000c6580000)
 Metaspace       used 58320K, committed 59648K, reserved 1114112K
  class space    used 6639K, committed 7168K, reserved 1048576K
}

