# JRE version: OpenJDK Runtime Environment Temurin-21.0.6+7 (21.0.6+7) (build 21.0.6+7-LTS)
# Java VM: OpenJDK 64-Bit Server VM Temurin-21.0.6+7 (21.0.6+7-LTS, mixed mode, sharing, tiered, compressed oops, compressed class ptrs, parallel gc, windows-amd64)
GC Precious Log:
 CardTable entry size: 512
 CPUs: 8 total, 8 available
 Memory: 8051M
 Large Page Support: Disabled
 NUMA Support: Disabled
 Compressed Oops: Enabled (32-bit)
 Alignments: Space 512K, Generation 512K, Heap 2M
 Heap Min Capacity: 100M
 Heap Initial Capacity: 100M
 Heap Max Capacity: 1G
 Pre-touch: Disabled
 Parallel Workers: 8
Heap:
 PSYoungGen      total 8192K, used 1523K [0x00000000eab00000, 0x00000000eb680000, 0x0000000100000000)
  eden space 6656K, 0% used [0x00000000eab00000,0x00000000eab00000,0x00000000eb180000)
  from space 1536K, 99% used [0x00000000eb500000,0x00000000eb67cc58,0x00000000eb680000)
  to   space 2048K, 0% used [0x00000000eb300000,0x00000000eb300000,0x00000000eb500000)
 ParOldGen       total 317440K, used 317155K [0x00000000c0000000, 0x00000000d3600000, 0x00000000eab00000)
  object space 317440K, 99% used [0x00000000c0000000,0x00000000d35b8f78,0x00000000d3600000)
 Metaspace       used 71864K, committed 73280K, reserved 1114112K
  class space    used 8651K, committed 9280K, reserved 1048576K
GC Heap History (20 events):
Event: 80.729 GC heap after
{Heap after GC invocations=389 (full 3):
 PSYoungGen      total 8704K, used 1682K [0x00000000eab00000, 0x00000000eb600000, 0x0000000100000000)
  eden space 6656K, 0% used [0x00000000eab00000,0x00000000eab00000,0x00000000eb180000)
  from space 2048K, 82% used [0x00000000eb400000,0x00000000eb5a4aa8,0x00000000eb600000)
  to   space 2048K, 0% used [0x00000000eb180000,0x00000000eb180000,0x00000000eb380000)
 ParOldGen       total 300544K, used 300229K [0x00000000c0000000, 0x00000000d2580000, 0x00000000eab00000)
  object space 300544K, 99% used [0x00000000c0000000,0x00000000d25314d0,0x00000000d2580000)
 Metaspace       used 71862K, committed 73280K, reserved 1114112K
  class space    used 8651K, committed 9280K, reserved 1048576K
}
Event: 80.922 GC heap before
{Heap before GC invocations=390 (full 3):
 PSYoungGen      total 8704K, used 8338K [0x00000000eab00000, 0x00000000eb600000, 0x0000000100000000)
  eden space 6656K, 100% used [0x00000000eab00000,0x00000000eb180000,0x00000000eb180000)
  from space 2048K, 82% used [0x00000000eb400000,0x00000000eb5a4aa8,0x00000000eb600000)
  to   space 2048K, 0% used [0x00000000eb180000,0x00000000eb180000,0x00000000eb380000)
 ParOldGen       total 300544K, used 300229K [0x00000000c0000000, 0x00000000d2580000, 0x00000000eab00000)
  object space 300544K, 99% used [0x00000000c0000000,0x00000000d25314d0,0x00000000d2580000)
 Metaspace       used 71862K, committed 73280K, reserved 1114112K
  class space    used 8651K, committed 9280K, reserved 1048576K
}
Event: 80.926 GC heap after
{Heap after GC invocations=390 (full 3):
 PSYoungGen      total 8704K, used 1698K [0x00000000eab00000, 0x00000000eb580000, 0x0000000100000000)
  eden space 6656K, 0% used [0x00000000eab00000,0x00000000eab00000,0x00000000eb180000)
  from space 2048K, 82% used [0x00000000eb180000,0x00000000eb328b28,0x00000000eb380000)
  to   space 2048K, 0% used [0x00000000eb380000,0x00000000eb380000,0x00000000eb580000)
 ParOldGen       total 302080K, used 301739K [0x00000000c0000000, 0x00000000d2700000, 0x00000000eab00000)
  object space 302080K, 99% used [0x00000000c0000000,0x00000000d26aac50,0x00000000d2700000)
 Metaspace       used 71862K, committed 73280K, reserved 1114112K
  class space    used 8651K, committed 9280K, reserved 1048576K
}
Event: 81.015 GC heap before
{Heap before GC invocations=391 (full 3):
 PSYoungGen      total 8704K, used 8354K [0x00000000eab00000, 0x00000000eb580000, 0x0000000100000000)
  eden space 6656K, 100% used [0x00000000eab00000,0x00000000eb180000,0x00000000eb180000)
  from space 2048K, 82% used [0x00000000eb180000,0x00000000eb328b28,0x00000000eb380000)
  to   space 2048K, 0% used [0x00000000eb380000,0x00000000eb380000,0x00000000eb580000)
 ParOldGen       total 302080K, used 301739K [0x00000000c0000000, 0x00000000d2700000, 0x00000000eab00000)
  object space 302080K, 99% used [0x00000000c0000000,0x00000000d26aac50,0x00000000d2700000)
 Metaspace       used 71864K, committed 73280K, reserved 1114112K
  class space    used 8651K, committed 9280K, reserved 1048576K
}
Event: 81.018 GC heap after
{Heap after GC invocations=391 (full 3):
 PSYoungGen      total 8704K, used 1671K [0x00000000eab00000, 0x00000000eb580000, 0x0000000100000000)
  eden space 6656K, 0% used [0x00000000eab00000,0x00000000eab00000,0x00000000eb180000)
  from space 2048K, 81% used [0x00000000eb380000,0x00000000eb521f78,0x00000000eb580000)
  to   space 2048K, 0% used [0x00000000eb180000,0x00000000eb180000,0x00000000eb380000)
 ParOldGen       total 303616K, used 303310K [0x00000000c0000000, 0x00000000d2880000, 0x00000000eab00000)
  object space 303616K, 99% used [0x00000000c0000000,0x00000000d28339d0,0x00000000d2880000)
 Metaspace       used 71864K, committed 73280K, reserved 1114112K
  class space    used 8651K, committed 9280K, reserved 1048576K
}
Event: 81.291 GC heap before
{Heap before GC invocations=392 (full 3):
 PSYoungGen      total 8704K, used 8327K [0x00000000eab00000, 0x00000000eb580000, 0x0000000100000000)
  eden space 6656K, 100% used [0x00000000eab00000,0x00000000eb180000,0x00000000eb180000)
  from space 2048K, 81% used [0x00000000eb380000,0x00000000eb521f78,0x00000000eb580000)
  to   space 2048K, 0% used [0x00000000eb180000,0x00000000eb180000,0x00000000eb380000)
 ParOldGen       total 303616K, used 303310K [0x00000000c0000000, 0x00000000d2880000, 0x00000000eab00000)
  object space 303616K, 99% used [0x00000000c0000000,0x00000000d28339d0,0x00000000d2880000)
 Metaspace       used 71864K, committed 73280K, reserved 1114112K
  class space    used 8651K, committed 9280K, reserved 1048576K
}
Event: 81.297 GC heap after
{Heap after GC invocations=392 (full 3):
 PSYoungGen      total 8704K, used 1769K [0x00000000eab00000, 0x00000000eb580000, 0x0000000100000000)
  eden space 6656K, 0% used [0x00000000eab00000,0x00000000eab00000,0x00000000eb180000)
  from space 2048K, 86% used [0x00000000eb180000,0x00000000eb33a450,0x00000000eb380000)
  to   space 2048K, 0% used [0x00000000eb380000,0x00000000eb380000,0x00000000eb580000)
 ParOldGen       total 305152K, used 304836K [0x00000000c0000000, 0x00000000d2a00000, 0x00000000eab00000)
  object space 305152K, 99% used [0x00000000c0000000,0x00000000d29b1228,0x00000000d2a00000)
 Metaspace       used 71864K, committed 73280K, reserved 1114112K
  class space    used 8651K, committed 9280K, reserved 1048576K
}
Event: 81.660 GC heap before
{Heap before GC invocations=393 (full 3):
 PSYoungGen      total 8704K, used 8425K [0x00000000eab00000, 0x00000000eb580000, 0x0000000100000000)
  eden space 6656K, 100% used [0x00000000eab00000,0x00000000eb180000,0x00000000eb180000)
  from space 2048K, 86% used [0x00000000eb180000,0x00000000eb33a450,0x00000000eb380000)
  to   space 2048K, 0% used [0x00000000eb380000,0x00000000eb380000,0x00000000eb580000)
 ParOldGen       total 305152K, used 304836K [0x00000000c0000000, 0x00000000d2a00000, 0x00000000eab00000)
  object space 305152K, 99% used [0x00000000c0000000,0x00000000d29b1228,0x00000000d2a00000)
 Metaspace       used 71864K, committed 73280K, reserved 1114112K
  class space    used 8651K, committed 9280K, reserved 1048576K
}
Event: 81.665 GC heap after
{Heap after GC invocations=393 (full 3):
 PSYoungGen      total 8704K, used 1753K [0x00000000eab00000, 0x00000000eb580000, 0x0000000100000000)
  eden space 6656K, 0% used [0x00000000eab00000,0x00000000eab00000,0x00000000eb180000)
  from space 2048K, 85% used [0x00000000eb380000,0x00000000eb536748,0x00000000eb580000)
  to   space 2048K, 0% used [0x00000000eb180000,0x00000000eb180000,0x00000000eb380000)
 ParOldGen       total 306688K, used 306398K [0x00000000c0000000, 0x00000000d2b80000, 0x00000000eab00000)
  object space 306688K, 99% used [0x00000000c0000000,0x00000000d2b37bb0,0x00000000d2b80000)
 Metaspace       used 71864K, committed 73280K, reserved 1114112K
  class space    used 8651K, committed 9280K, reserved 1048576K
}
Event: 82.340 GC heap before
{Heap before GC invocations=394 (full 3):
 PSYoungGen      total 8704K, used 8409K [0x00000000eab00000, 0x00000000eb580000, 0x0000000100000000)
  eden space 6656K, 100% used [0x00000000eab00000,0x00000000eb180000,0x00000000eb180000)
  from space 2048K, 85% used [0x00000000eb380000,0x00000000eb536748,0x00000000eb580000)
  to   space 2048K, 0% used [0x00000000eb180000,0x00000000eb180000,0x00000000eb380000)
 ParOldGen       total 306688K, used 306398K [0x00000000c0000000, 0x00000000d2b80000, 0x00000000eab00000)
  object space 306688K, 99% used [0x00000000c0000000,0x00000000d2b37bb0,0x00000000d2b80000)
 Metaspace       used 71864K, committed 73280K, reserved 1114112K
  class space    used 8651K, committed 9280K, reserved 1048576K
}
Event: 82.347 GC heap after
{Heap after GC invocations=394 (full 3):
 PSYoungGen      total 8704K, used 1641K [0x00000000eab00000, 0x00000000eb580000, 0x0000000100000000)
  eden space 6656K, 0% used [0x00000000eab00000,0x00000000eab00000,0x00000000eb180000)
  from space 2048K, 80% used [0x00000000eb180000,0x00000000eb31a548,0x00000000eb380000)
  to   space 2048K, 0% used [0x00000000eb380000,0x00000000eb380000,0x00000000eb580000)
 ParOldGen       total 308224K, used 308032K [0x00000000c0000000, 0x00000000d2d00000, 0x00000000eab00000)
  object space 308224K, 99% used [0x00000000c0000000,0x00000000d2cd02a0,0x00000000d2d00000)
 Metaspace       used 71864K, committed 73280K, reserved 1114112K
  class space    used 8651K, committed 9280K, reserved 1048576K
}
Event: 83.083 GC heap before
{Heap before GC invocations=395 (full 3):
 PSYoungGen      total 8704K, used 8205K [0x00000000eab00000, 0x00000000eb580000, 0x0000000100000000)
  eden space 6656K, 98% used [0x00000000eab00000,0x00000000eb168f98,0x00000000eb180000)
  from space 2048K, 80% used [0x00000000eb180000,0x00000000eb31a548,0x00000000eb380000)
  to   space 2048K, 0% used [0x00000000eb380000,0x00000000eb380000,0x00000000eb580000)
 ParOldGen       total 308224K, used 308032K [0x00000000c0000000, 0x00000000d2d00000, 0x00000000eab00000)
  object space 308224K, 99% used [0x00000000c0000000,0x00000000d2cd02a0,0x00000000d2d00000)
 Metaspace       used 71864K, committed 73280K, reserved 1114112K
  class space    used 8651K, committed 9280K, reserved 1048576K
}
Event: 83.089 GC heap after
{Heap after GC invocations=395 (full 3):
 PSYoungGen      total 8704K, used 1984K [0x00000000eab00000, 0x00000000eb580000, 0x0000000100000000)
  eden space 6656K, 0% used [0x00000000eab00000,0x00000000eab00000,0x00000000eb180000)
  from space 2048K, 96% used [0x00000000eb380000,0x00000000eb5700c8,0x00000000eb580000)
  to   space 2048K, 0% used [0x00000000eb180000,0x00000000eb180000,0x00000000eb380000)
 ParOldGen       total 309760K, used 309528K [0x00000000c0000000, 0x00000000d2e80000, 0x00000000eab00000)
  object space 309760K, 99% used [0x00000000c0000000,0x00000000d2e46000,0x00000000d2e80000)
 Metaspace       used 71864K, committed 73280K, reserved 1114112K
  class space    used 8651K, committed 9280K, reserved 1048576K
}
Event: 83.149 GC heap before
{Heap before GC invocations=396 (full 3):
 PSYoungGen      total 8704K, used 8640K [0x00000000eab00000, 0x00000000eb580000, 0x0000000100000000)
  eden space 6656K, 100% used [0x00000000eab00000,0x00000000eb180000,0x00000000eb180000)
  from space 2048K, 96% used [0x00000000eb380000,0x00000000eb5700c8,0x00000000eb580000)
  to   space 2048K, 0% used [0x00000000eb180000,0x00000000eb180000,0x00000000eb380000)
 ParOldGen       total 309760K, used 309528K [0x00000000c0000000, 0x00000000d2e80000, 0x00000000eab00000)
  object space 309760K, 99% used [0x00000000c0000000,0x00000000d2e46000,0x00000000d2e80000)
 Metaspace       used 71864K, committed 73280K, reserved 1114112K
  class space    used 8651K, committed 9280K, reserved 1048576K
}
Event: 83.156 GC heap after
{Heap after GC invocations=396 (full 3):
 PSYoungGen      total 8704K, used 2038K [0x00000000eab00000, 0x00000000eba80000, 0x0000000100000000)
  eden space 6656K, 0% used [0x00000000eab00000,0x00000000eab00000,0x00000000eb180000)
  from space 2048K, 99% used [0x00000000eb180000,0x00000000eb37d948,0x00000000eb380000)
  to   space 4608K, 0% used [0x00000000eb600000,0x00000000eb600000,0x00000000eba80000)
 ParOldGen       total 311808K, used 311448K [0x00000000c0000000, 0x00000000d3080000, 0x00000000eab00000)
  object space 311808K, 99% used [0x00000000c0000000,0x00000000d3026378,0x00000000d3080000)
 Metaspace       used 71864K, committed 73280K, reserved 1114112K
  class space    used 8651K, committed 9280K, reserved 1048576K
}
Event: 83.282 GC heap before
{Heap before GC invocations=397 (full 3):
 PSYoungGen      total 8704K, used 8694K [0x00000000eab00000, 0x00000000eba80000, 0x0000000100000000)
  eden space 6656K, 100% used [0x00000000eab00000,0x00000000eb180000,0x00000000eb180000)
  from space 2048K, 99% used [0x00000000eb180000,0x00000000eb37d948,0x00000000eb380000)
  to   space 4608K, 0% used [0x00000000eb600000,0x00000000eb600000,0x00000000eba80000)
 ParOldGen       total 311808K, used 311448K [0x00000000c0000000, 0x00000000d3080000, 0x00000000eab00000)
  object space 311808K, 99% used [0x00000000c0000000,0x00000000d3026378,0x00000000d3080000)
 Metaspace       used 71864K, committed 73280K, reserved 1114112K
  class space    used 8651K, committed 9280K, reserved 1048576K
}
Event: 83.290 GC heap after
{Heap after GC invocations=397 (full 3):
 PSYoungGen      total 8704K, used 1592K [0x00000000eab00000, 0x00000000eb800000, 0x0000000100000000)
  eden space 6656K, 0% used [0x00000000eab00000,0x00000000eab00000,0x00000000eb180000)
  from space 2048K, 77% used [0x00000000eb600000,0x00000000eb78e238,0x00000000eb800000)
  to   space 2560K, 0% used [0x00000000eb300000,0x00000000eb300000,0x00000000eb580000)
 ParOldGen       total 313856K, used 313433K [0x00000000c0000000, 0x00000000d3280000, 0x00000000eab00000)
  object space 313856K, 99% used [0x00000000c0000000,0x00000000d3216550,0x00000000d3280000)
 Metaspace       used 71864K, committed 73280K, reserved 1114112K
  class space    used 8651K, committed 9280K, reserved 1048576K
}
Event: 83.557 GC heap before
{Heap before GC invocations=398 (full 3):
 PSYoungGen      total 8704K, used 8248K [0x00000000eab00000, 0x00000000eb800000, 0x0000000100000000)
  eden space 6656K, 100% used [0x00000000eab00000,0x00000000eb180000,0x00000000eb180000)
  from space 2048K, 77% used [0x00000000eb600000,0x00000000eb78e238,0x00000000eb800000)
  to   space 2560K, 0% used [0x00000000eb300000,0x00000000eb300000,0x00000000eb580000)
 ParOldGen       total 313856K, used 313433K [0x00000000c0000000, 0x00000000d3280000, 0x00000000eab00000)
  object space 313856K, 99% used [0x00000000c0000000,0x00000000d3216550,0x00000000d3280000)
 Metaspace       used 71864K, committed 73280K, reserved 1114112K
  class space    used 8651K, committed 9280K, reserved 1048576K
}
Event: 83.567 GC heap after
{Heap after GC invocations=398 (full 3):
 PSYoungGen      total 8704K, used 1888K [0x00000000eab00000, 0x00000000eb680000, 0x0000000100000000)
  eden space 6656K, 0% used [0x00000000eab00000,0x00000000eab00000,0x00000000eb180000)
  from space 2048K, 92% used [0x00000000eb300000,0x00000000eb4d8010,0x00000000eb500000)
  to   space 1536K, 0% used [0x00000000eb500000,0x00000000eb500000,0x00000000eb680000)
 ParOldGen       total 315392K, used 314937K [0x00000000c0000000, 0x00000000d3400000, 0x00000000eab00000)
  object space 315392K, 99% used [0x00000000c0000000,0x00000000d338e530,0x00000000d3400000)
 Metaspace       used 71864K, committed 73280K, reserved 1114112K
  class space    used 8651K, committed 9280K, reserved 1048576K
}
Event: 83.733 GC heap before
{Heap before GC invocations=399 (full 3):
 PSYoungGen      total 8704K, used 8543K [0x00000000eab00000, 0x00000000eb680000, 0x0000000100000000)
  eden space 6656K, 99% used [0x00000000eab00000,0x00000000eb17fdf8,0x00000000eb180000)
  from space 2048K, 92% used [0x00000000eb300000,0x00000000eb4d8010,0x00000000eb500000)
  to   space 1536K, 0% used [0x00000000eb500000,0x00000000eb500000,0x00000000eb680000)
 ParOldGen       total 315392K, used 314937K [0x00000000c0000000, 0x00000000d3400000, 0x00000000eab00000)
  object space 315392K, 99% used [0x00000000c0000000,0x00000000d338e530,0x00000000d3400000)
 Metaspace       used 71864K, committed 73280K, reserved 1114112K
  class space    used 8651K, committed 9280K, reserved 1048576K
}

